<?xml version="1.0" encoding="UTF-8" ?>
<testsuite failures="0" time="0.193" errors="0" skipped="0" tests="10" name="com.pl.tests.ClientTest">
  <properties>
[...]
</properties>
  <testcase time="0.003" classname="com.pl.tests.ClientTest" name="test_addManga"/>
  <testcase time="0" classname="com.pl.tests.ClientTest" name="test_getName"/>
  <testcase time="0.001" classname="com.pl.tests.ClientTest" name="test_setName"/>
  <testcase time="0" classname="com.pl.tests.ClientTest" name="test_getSurname"/>
  <testcase time="0.001" classname="com.pl.tests.ClientTest" name="test_setSurname"/>
  <testcase time="0" classname="com.pl.tests.ClientTest" name="test_getMangasList"/>
  <testcase time="0.001" classname="com.pl.tests.ClientTest" name="test_removeManga"/>
  <testcase time="0.002" classname="com.pl.tests.ClientTest" name="test_removeAllMangas"/>
  <testcase time="0" classname="com.pl.tests.ClientTest" name="test_findMangaByTitle"/>
  <testcase time="0.001" classname="com.pl.tests.ClientTest" name="testPriceLessThanZeroException"/>
</testsuite>